[21:46:07.193][info] [#0:/home/bruce/.local/share/nvim/mason/packages/lua-language-server/libexec/main.lua:68]: Lua Lsp startup, root: 	/home/bruce/.local/share/nvim/mason/packages/lua-language-server/libexec
[21:46:07.193][info] [#0:/home/bruce/.local/share/nvim/mason/packages/lua-language-server/libexec/main.lua:69]: ROOT:	/home/bruce/.local/share/nvim/mason/packages/lua-language-server/libexec
[21:46:07.193][info] [#0:/home/bruce/.local/share/nvim/mason/packages/lua-language-server/libexec/main.lua:70]: LOGPATH:	/home/bruce/.local/share/nvim/mason/packages/lua-language-server/libexec/log
[21:46:07.193][info] [#0:/home/bruce/.local/share/nvim/mason/packages/lua-language-server/libexec/main.lua:71]: METAPATH:	/home/bruce/.local/share/nvim/mason/packages/lua-language-server/libexec/meta
[21:46:07.193][info] [#0:/home/bruce/.local/share/nvim/mason/packages/lua-language-server/libexec/main.lua:72]: VERSION:	3.14.0
[21:46:07.211][info] [#0:script/proto/proto.lua:260]: Listen Mode: stdio
[21:46:07.212][info] [#0:script/service/service.lua:145]: 
========= Medical Examination Report =========
    --------------- Memory ---------------
        Total: 2.263 MB
        # 00 : 2.263 MB
        # 01 : 0.000 MB
        # 02 : 0.000 MB
        # 03 : 0.000 MB
        # 04 : 0.000 MB
    --------------- Coroutine ---------------
        Total:     0
        Running:   0
        Suspended: 0
        Normal:    0
        Dead:      0
    --------------- Cache ---------------
        Total: 1
        Dead:  0
    ---------------  RPC  ---------------
        Holdon:   0
        Waiting:  0
==============================================
[21:46:07.316][info] [#0:script/client.lua:657]: Client init	{
  capabilities = {
    general = {
      positionEncodings = { "utf-16" }
    },
    textDocument = {
      callHierarchy = {
        dynamicRegistration = false
      },
      codeAction = {
        codeActionLiteralSupport = {
          codeActionKind = {
            valueSet = { "", "quickfix", "refactor", "refactor.extract", "refactor.inline", "refactor.rewrite", "source", "source.organizeImports" }
          }
        },
        dataSupport = true,
        dynamicRegistration = true,
        isPreferredSupport = true,
        resolveSupport = {
          properties = { "edit" }
        }
      },
      completion = {
        completionItem = {
          commitCharactersSupport = false,
          deprecatedSupport = true,
          documentationFormat = { "markdown", "plaintext" },
          insertReplaceSupport = true,
          insertTextModeSupport = {
            valueSet = { 1 }
          },
          labelDetailsSupport = true,
          preselectSupport = false,
          resolveSupport = {
            properties = { "documentation", "detail", "additionalTextEdits", "command", "data" }
          },
          snippetSupport = true,
          tagSupport = {
            valueSet = { 1 }
          }
        },
        completionItemKind = {
          valueSet = { 1, 2, 3, 4, 5, 6, 7, 8, 9, 10, 11, 12, 13, 14, 15, 16, 17, 18, 19, 20, 21, 22, 23, 24, 25 }
        },
        completionList = {
          itemDefaults = { "commitCharacters", "editRange", "insertTextFormat", "insertTextMode", "data" }
        },
        contextSupport = true,
        dynamicRegistration = false,
        insertTextMode = 1
      },
      declaration = {
        linkSupport = true
      },
      definition = {
        dynamicRegistration = true,
        linkSupport = true
      },
      diagnostic = {
        dynamicRegistration = false
      },
      documentHighlight = {
        dynamicRegistration = false
      },
      documentSymbol = {
        dynamicRegistration = false,
        hierarchicalDocumentSymbolSupport = true,
        symbolKind = {
          valueSet = { 1, 2, 3, 4, 5, 6, 7, 8, 9, 10, 11, 12, 13, 14, 15, 16, 17, 18, 19, 20, 21, 22, 23, 24, 25, 26 }
        }
      },
      formatting = {
        dynamicRegistration = true
      },
      hover = {
        contentFormat = { "markdown", "plaintext" },
        dynamicRegistration = true
      },
      implementation = {
        linkSupport = true
      },
      inlayHint = {
        dynamicRegistration = true,
        resolveSupport = {
          properties = { "textEdits", "tooltip", "location", "command" }
        }
      },
      publishDiagnostics = {
        dataSupport = true,
        relatedInformation = true,
        tagSupport = {
          valueSet = { 1, 2 }
        }
      },
      rangeFormatting = {
        dynamicRegistration = true
      },
      references = {
        dynamicRegistration = false
      },
      rename = {
        dynamicRegistration = true,
        prepareSupport = true
      },
      semanticTokens = {
        augmentsSyntaxTokens = true,
        dynamicRegistration = false,
        formats = { "relative" },
        multilineTokenSupport = false,
        overlappingTokenSupport = true,
        requests = {
          full = {
            delta = true
          },
          range = false
        },
        serverCancelSupport = false,
        tokenModifiers = { "declaration", "definition", "readonly", "static", "deprecated", "abstract", "async", "modification", "documentation", "defaultLibrary" },
        tokenTypes = { "namespace", "type", "class", "enum", "interface", "struct", "typeParameter", "parameter", "variable", "property", "enumMember", "event", "function", "method", "macro", "keyword", "modifier", "comment", "string", "number", "regexp", "operator", "decorator" }
      },
      signatureHelp = {
        dynamicRegistration = false,
        signatureInformation = {
          activeParameterSupport = true,
          documentationFormat = { "markdown", "plaintext" },
          parameterInformation = {
            labelOffsetSupport = true
          }
        }
      },
      synchronization = {
        didSave = true,
        dynamicRegistration = false,
        willSave = true,
        willSaveWaitUntil = true
      },
      typeDefinition = {
        linkSupport = true
      }
    },
    window = {
      showDocument = {
        support = true
      },
      showMessage = {
        messageActionItem = {
          additionalPropertiesSupport = false
        }
      },
      workDoneProgress = true
    },
    workspace = {
      applyEdit = true,
      configuration = true,
      didChangeConfiguration = {
        dynamicRegistration = false
      },
      didChangeWatchedFiles = {
        dynamicRegistration = false,
        relativePatternSupport = true
      },
      fileOperations = {
        didRename = true,
        willRename = true
      },
      inlayHint = {
        refreshSupport = true
      },
      semanticTokens = {
        refreshSupport = true
      },
      symbol = {
        dynamicRegistration = false,
        symbolKind = {
          valueSet = { 1, 2, 3, 4, 5, 6, 7, 8, 9, 10, 11, 12, 13, 14, 15, 16, 17, 18, 19, 20, 21, 22, 23, 24, 25, 26 }
        }
      },
      workspaceEdit = {
        resourceOperations = { "rename", "create", "delete" }
      },
      workspaceFolders = true
    }
  },
  clientInfo = {
    name = "Neovim",
    version = "0.10.2"
  },
  initializationOptions = {},
  processId = 197798,
  rootPath = "/home/bruce/.config/nvim",
  rootUri = "file:///home/bruce/.config/nvim",
  trace = "off",
  workDoneToken = "1",
  workspaceFolders = { {
      name = "/home/bruce/.config/nvim",
      uri = "file:///home/bruce/.config/nvim"
    } }
}
[21:46:07.316][info] [#0:script/language.lua:137]: VSC language: nil
[21:46:07.316][info] [#0:script/language.lua:138]: LS  language: en-us
[21:46:07.316][info] [#0:script/workspace/workspace.lua:38]: Workspace init root: 	file:///home/bruce/.config/nvim
[21:46:07.316][info] [#0:script/workspace/workspace.lua:42]: Log path: 	/home/bruce/.local/share/nvim/mason/packages/lua-language-server/libexec/log/file_home_bruce_.config_nvim.log
[21:46:07.316][info] [#0:script/workspace/workspace.lua:48]: Workspace create: 	file:///home/bruce/.config/nvim
[21:46:07.620][info] [#0:script/provider/provider.lua:49]: Load config from client	file:///home/bruce/.config/nvim
[21:46:07.620][info] [#0:script/provider/provider.lua:50]: {
  Lua = {
    codeLens = {
      enable = true
    },
    completion = {
      callSnippet = "Replace"
    },
    doc = {
      privateName = { "^_" }
    },
    hint = {
      arrayIndex = "Disable",
      enable = true,
      paramName = "Disable",
      paramType = true,
      semicolon = "Disable",
      setType = false
    },
    runtime = {
      path = { "?.lua", "?/init.lua" },
      pathStrict = true,
      version = "LuaJIT"
    },
    workspace = {
      checkThirdParty = false,
      ignoreDir = { "/lua" },
      library = { "/usr/share/nvim/runtime/lua", "/home/bruce/.config/nvim/lua", "/home/bruce/.local/share/nvim/lazy/nvim-lspconfig/lua", "/home/bruce/.local/share/nvim/lazy/LazyVim/lua", "/home/bruce/.local/share/nvim/lazy/lazy.nvim/lua", "/home/bruce/.local/share/nvim/lazy/clangd_extensions.nvim/lua" }
    }
  }
}
[21:46:07.620][info] [#0:script/provider/provider.lua:49]: Load config from client	file:///home/bruce/.config/nvim
[21:46:07.621][info] [#0:script/provider/provider.lua:50]: {
  Lua = {
    codeLens = {
      enable = true
    },
    completion = {
      callSnippet = "Replace"
    },
    doc = {
      privateName = { "^_" }
    },
    hint = {
      arrayIndex = "Disable",
      enable = true,
      paramName = "Disable",
      paramType = true,
      semicolon = "Disable",
      setType = false
    },
    runtime = {
      path = { "?.lua", "?/init.lua" },
      pathStrict = true,
      version = "LuaJIT"
    },
    workspace = {
      checkThirdParty = false,
      ignoreDir = { "/lua" },
      library = { "/usr/share/nvim/runtime/lua", "/home/bruce/.config/nvim/lua", "/home/bruce/.local/share/nvim/lazy/nvim-lspconfig/lua", "/home/bruce/.local/share/nvim/lazy/LazyVim/lua", "/home/bruce/.local/share/nvim/lazy/lazy.nvim/lua", "/home/bruce/.local/share/nvim/lazy/clangd_extensions.nvim/lua" }
    }
  }
}
[21:46:07.621][info] [#0:script/provider/provider.lua:49]: Load config from client	file:///home/bruce/.config/nvim
[21:46:07.621][info] [#0:script/provider/provider.lua:50]: {
  Lua = {
    codeLens = {
      enable = true
    },
    completion = {
      callSnippet = "Replace"
    },
    doc = {
      privateName = { "^_" }
    },
    hint = {
      arrayIndex = "Disable",
      enable = true,
      paramName = "Disable",
      paramType = true,
      semicolon = "Disable",
      setType = false
    },
    runtime = {
      path = { "?.lua", "?/init.lua" },
      pathStrict = true,
      version = "LuaJIT"
    },
    workspace = {
      checkThirdParty = false,
      ignoreDir = { "/lua" },
      library = { "/usr/share/nvim/runtime/lua", "/home/bruce/.config/nvim/lua", "/home/bruce/.local/share/nvim/lazy/nvim-lspconfig/lua", "/home/bruce/.local/share/nvim/lazy/LazyVim/lua", "/home/bruce/.local/share/nvim/lazy/lazy.nvim/lua", "/home/bruce/.local/share/nvim/lazy/clangd_extensions.nvim/lua" }
    }
  }
}
[21:46:07.621][warn] [#0:script/config/loader.lua:116]: No config?	{}
[21:46:07.621][info] [#0:script/provider/provider.lua:65]: Load config from client	fallback
[21:46:07.621][info] [#0:script/provider/provider.lua:66]: nil
[21:46:07.621][warn] [#0:script/config/loader.lua:116]: No config?	{}
[21:46:07.621][info] [#0:script/provider/provider.lua:65]: Load config from client	fallback
[21:46:07.621][info] [#0:script/provider/provider.lua:66]: nil
[21:46:07.621][warn] [#0:script/config/loader.lua:116]: No config?	{}
[21:46:07.621][info] [#0:script/provider/provider.lua:65]: Load config from client	fallback
[21:46:07.621][info] [#0:script/provider/provider.lua:66]: nil
[21:46:07.731][info] [#0:script/library.lua:212]: Init builtin library at:	file:///home/bruce/.config/nvim
[21:46:07.742][info] [#0:script/library.lua:212]: Init builtin library at:	nil
[21:46:07.853][info] [#0:script/workspace/workspace.lua:324]: Preload start:	file:///home/bruce/.config/nvim
[21:46:07.866][info] [#0:script/workspace/workspace.lua:330]: Scan files at:	file:///home/bruce/.config/nvim
[21:46:07.867][info] [#0:script/workspace/workspace.lua:324]: Preload start:	<fallback>
[21:46:07.868][info] [#0:script/workspace/workspace.lua:353]: Scan library at:	file:///home/bruce/.local/share/nvim/mason/packages/lua-language-server/libexec/meta/Lua%205.4%20en-us%20utf8/utf8.lua
[21:46:07.869][info] [#0:script/workspace/workspace.lua:353]: Scan library at:	file:///home/bruce/.local/share/nvim/mason/packages/lua-language-server/libexec/meta/Lua%205.4%20en-us%20utf8/math.lua
[21:46:07.869][info] [#0:script/workspace/workspace.lua:353]: Scan library at:	file:///home/bruce/.local/share/nvim/mason/packages/lua-language-server/libexec/meta/Lua%205.4%20en-us%20utf8/package.lua
[21:46:07.870][info] [#0:script/workspace/workspace.lua:353]: Scan library at:	file:///home/bruce/.local/share/nvim/mason/packages/lua-language-server/libexec/meta/Lua%205.4%20en-us%20utf8/io.lua
[21:46:07.870][info] [#0:script/workspace/workspace.lua:353]: Scan library at:	file:///home/bruce/.local/share/nvim/mason/packages/lua-language-server/libexec/meta/Lua%205.4%20en-us%20utf8/string.lua
[21:46:07.870][info] [#0:script/workspace/workspace.lua:353]: Scan library at:	file:///home/bruce/.local/share/nvim/mason/packages/lua-language-server/libexec/meta/Lua%205.4%20en-us%20utf8/table.lua
[21:46:07.870][info] [#0:script/workspace/workspace.lua:353]: Scan library at:	file:///home/bruce/.local/share/nvim/mason/packages/lua-language-server/libexec/meta/Lua%205.4%20en-us%20utf8/basic.lua
[21:46:07.871][info] [#0:script/workspace/workspace.lua:353]: Scan library at:	file:///home/bruce/.local/share/nvim/mason/packages/lua-language-server/libexec/meta/Lua%205.4%20en-us%20utf8/debug.lua
[21:46:07.871][info] [#0:script/workspace/workspace.lua:353]: Scan library at:	file:///home/bruce/.local/share/nvim/lazy/nvim-lspconfig/lua
[21:46:07.873][info] [#0:script/workspace/workspace.lua:353]: Scan library at:	file:///home/bruce/.local/share/nvim/mason/packages/lua-language-server/libexec/meta/Lua%205.4%20en-us%20utf8/os.lua
[21:46:07.877][info] [#0:script/workspace/workspace.lua:353]: Scan library at:	file:///home/bruce/.local/share/nvim/mason/packages/lua-language-server/libexec/meta/Lua%205.4%20en-us%20utf8/coroutine.lua
[21:46:07.878][info] [#0:script/workspace/workspace.lua:353]: Scan library at:	file:///home/bruce/.local/share/nvim/mason/packages/lua-language-server/libexec/meta/Lua%205.4%20en-us%20utf8/builtin.lua
[21:46:07.915][info] [#0:script/workspace/workspace.lua:353]: Scan library at:	file:///home/bruce/.local/share/nvim/mason/packages/lua-language-server/libexec/meta/LuaJIT%20en-us%20utf8/math.lua
[21:46:07.915][info] [#0:script/workspace/workspace.lua:353]: Scan library at:	file:///home/bruce/.local/share/nvim/mason/packages/lua-language-server/libexec/meta/LuaJIT%20en-us%20utf8/table.lua
[21:46:07.915][info] [#0:script/workspace/workspace.lua:353]: Scan library at:	file:///home/bruce/.local/share/nvim/mason/packages/lua-language-server/libexec/meta/LuaJIT%20en-us%20utf8/jit.lua
[21:46:07.915][info] [#0:script/workspace/workspace.lua:353]: Scan library at:	file:///home/bruce/.local/share/nvim/lazy/lazy.nvim/lua
[21:46:07.924][info] [#0:script/workspace/workspace.lua:353]: Scan library at:	file:///home/bruce/.local/share/nvim/mason/packages/lua-language-server/libexec/meta/LuaJIT%20en-us%20utf8/io.lua
[21:46:07.924][info] [#0:script/workspace/workspace.lua:353]: Scan library at:	file:///home/bruce/.local/share/nvim/mason/packages/lua-language-server/libexec/meta/LuaJIT%20en-us%20utf8/table/new.lua
[21:46:07.924][info] [#0:script/workspace/workspace.lua:353]: Scan library at:	file:///home/bruce/.local/share/nvim/mason/packages/lua-language-server/libexec/meta/LuaJIT%20en-us%20utf8/table/clear.lua
[21:46:07.924][info] [#0:script/workspace/workspace.lua:353]: Scan library at:	file:///home/bruce/.local/share/nvim/mason/packages/lua-language-server/libexec/meta/LuaJIT%20en-us%20utf8/string.lua
[21:46:07.924][info] [#0:script/workspace/workspace.lua:353]: Scan library at:	file:///home/bruce/.local/share/nvim/mason/packages/lua-language-server/libexec/meta/LuaJIT%20en-us%20utf8/string/buffer.lua
[21:46:07.925][info] [#0:script/workspace/workspace.lua:353]: Scan library at:	file:///home/bruce/.local/share/nvim/mason/packages/lua-language-server/libexec/meta/LuaJIT%20en-us%20utf8/package.lua
[21:46:07.925][info] [#0:script/workspace/workspace.lua:353]: Scan library at:	file:///home/bruce/.local/share/nvim/mason/packages/lua-language-server/libexec/meta/LuaJIT%20en-us%20utf8/coroutine.lua
[21:46:07.925][info] [#0:script/workspace/workspace.lua:353]: Scan library at:	file:///home/bruce/.local/share/nvim/mason/packages/lua-language-server/libexec/meta/LuaJIT%20en-us%20utf8/jit/profile.lua
[21:46:07.925][info] [#0:script/workspace/workspace.lua:353]: Scan library at:	file:///home/bruce/.local/share/nvim/mason/packages/lua-language-server/libexec/meta/LuaJIT%20en-us%20utf8/debug.lua
[21:46:07.925][info] [#0:script/workspace/workspace.lua:353]: Scan library at:	file:///home/bruce/.local/share/nvim/lazy/LazyVim/lua
[21:46:07.942][info] [#0:script/workspace/workspace.lua:353]: Scan library at:	file:///home/bruce/.local/share/nvim/mason/packages/lua-language-server/libexec/meta/LuaJIT%20en-us%20utf8/basic.lua
[21:46:07.942][info] [#0:script/workspace/workspace.lua:353]: Scan library at:	file:///home/bruce/.local/share/nvim/mason/packages/lua-language-server/libexec/meta/LuaJIT%20en-us%20utf8/bit.lua
[21:46:07.942][info] [#0:script/workspace/workspace.lua:353]: Scan library at:	file:///home/bruce/.local/share/nvim/mason/packages/lua-language-server/libexec/meta/LuaJIT%20en-us%20utf8/builtin.lua
[21:46:07.942][info] [#0:script/workspace/workspace.lua:353]: Scan library at:	file:///home/bruce/.config/nvim/lua
[21:46:07.944][info] [#0:script/workspace/workspace.lua:353]: Scan library at:	file:///home/bruce/.local/share/nvim/mason/packages/lua-language-server/libexec/meta/LuaJIT%20en-us%20utf8/jit/util.lua
[21:46:07.944][info] [#0:script/workspace/workspace.lua:353]: Scan library at:	file:///home/bruce/.local/share/nvim/mason/packages/lua-language-server/libexec/meta/LuaJIT%20en-us%20utf8/os.lua
[21:46:07.944][info] [#0:script/workspace/workspace.lua:353]: Scan library at:	file:///home/bruce/.local/share/nvim/mason/packages/lua-language-server/libexec/meta/LuaJIT%20en-us%20utf8/ffi.lua
[21:46:07.944][info] [#0:script/workspace/workspace.lua:353]: Scan library at:	file:///usr/share/nvim/runtime/lua
[21:46:07.955][info] [#0:script/workspace/workspace.lua:353]: Scan library at:	file:///home/bruce/.local/share/nvim/lazy/clangd_extensions.nvim/lua
[21:46:08.057][info] [#0:script/workspace/workspace.lua:379]: Found 11 files at:	<fallback>
[21:46:08.057][info] [#0:script/workspace/loading.lua:160]: Load files from disk:	<fallback>
[21:46:08.057][info] [#0:script/workspace/workspace.lua:379]: Found 702 files at:	file:///home/bruce/.config/nvim
[21:46:08.057][info] [#0:script/workspace/loading.lua:160]: Load files from disk:	file:///home/bruce/.config/nvim
[21:46:08.059][info] [#0:script/workspace/loading.lua:100]: Preload file at: file:///home/bruce/.local/share/nvim/mason/packages/lua-language-server/libexec/meta/Lua%205.4%20en-us%20utf8/builtin.lua , size = 0.302 KB
[21:46:08.061][info] [#0:script/workspace/loading.lua:112]: ++++As library of:	file:///home/bruce/.local/share/nvim/mason/packages/lua-language-server/libexec/meta/Lua%205.4%20en-us%20utf8/builtin.lua
[21:46:08.061][info] [#0:script/workspace/loading.lua:100]: Preload file at: file:///home/bruce/.local/share/nvim/mason/packages/lua-language-server/libexec/meta/Lua%205.4%20en-us%20utf8/coroutine.lua , size = 2.590 KB
[21:46:08.062][info] [#0:script/workspace/loading.lua:112]: ++++As library of:	file:///home/bruce/.local/share/nvim/mason/packages/lua-language-server/libexec/meta/Lua%205.4%20en-us%20utf8/coroutine.lua
[21:46:08.062][info] [#0:script/workspace/loading.lua:100]: Preload file at: file:///home/bruce/.local/share/nvim/lazy/clangd_extensions.nvim/lua/clangd_extensions/type_hierarchy.lua , size = 4.484 KB
[21:46:08.067][info] [#0:script/workspace/loading.lua:112]: ++++As library of:	file:///home/bruce/.local/share/nvim/lazy/clangd_extensions.nvim/lua
[21:46:08.067][info] [#0:script/workspace/loading.lua:100]: Preload file at: file:///home/bruce/.local/share/nvim/mason/packages/lua-language-server/libexec/meta/Lua%205.4%20en-us%20utf8/os.lua , size = 5.611 KB
[21:46:08.070][info] [#0:script/workspace/loading.lua:112]: ++++As library of:	file:///home/bruce/.local/share/nvim/mason/packages/lua-language-server/libexec/meta/Lua%205.4%20en-us%20utf8/os.lua
[21:46:08.070][info] [#0:script/workspace/loading.lua:100]: Preload file at: file:///home/bruce/.local/share/nvim/lazy/clangd_extensions.nvim/lua/clangd_extensions/switch_source_header.lua , size = 0.533 KB
[21:46:08.070][info] [#0:script/workspace/loading.lua:112]: ++++As library of:	file:///home/bruce/.local/share/nvim/lazy/clangd_extensions.nvim/lua
[21:46:08.071][info] [#0:script/workspace/loading.lua:100]: Preload file at: file:///home/bruce/.local/share/nvim/mason/packages/lua-language-server/libexec/meta/Lua%205.4%20en-us%20utf8/debug.lua , size = 7.637 KB
[21:46:08.075][info] [#0:script/workspace/loading.lua:112]: ++++As library of:	file:///home/bruce/.local/share/nvim/mason/packages/lua-language-server/libexec/meta/Lua%205.4%20en-us%20utf8/debug.lua
[21:46:08.075][info] [#0:script/workspace/loading.lua:100]: Preload file at: file:///home/bruce/.local/share/nvim/lazy/clangd_extensions.nvim/lua/clangd_extensions/config.lua , size = 0.847 KB
[21:46:08.076][info] [#0:script/workspace/loading.lua:112]: ++++As library of:	file:///home/bruce/.local/share/nvim/lazy/clangd_extensions.nvim/lua
[21:46:08.076][info] [#0:script/workspace/loading.lua:100]: Preload file at: file:///home/bruce/.local/share/nvim/mason/packages/lua-language-server/libexec/meta/Lua%205.4%20en-us%20utf8/basic.lua , size = 15.841 KB
[21:46:08.094][info] [#0:script/workspace/loading.lua:112]: ++++As library of:	file:///home/bruce/.local/share/nvim/mason/packages/lua-language-server/libexec/meta/Lua%205.4%20en-us%20utf8/basic.lua
[21:46:08.094][info] [#0:script/workspace/loading.lua:100]: Preload file at: file:///home/bruce/.local/share/nvim/lazy/clangd_extensions.nvim/lua/clangd_extensions/symbol_info.lua , size = 0.861 KB
[21:46:08.095][info] [#0:script/workspace/loading.lua:112]: ++++As library of:	file:///home/bruce/.local/share/nvim/lazy/clangd_extensions.nvim/lua
[21:46:08.095][info] [#0:script/workspace/loading.lua:100]: Preload file at: file:///home/bruce/.local/share/nvim/lazy/clangd_extensions.nvim/lua/clangd_extensions/init.lua , size = 0.106 KB
[21:46:08.095][info] [#0:script/workspace/loading.lua:112]: ++++As library of:	file:///home/bruce/.local/share/nvim/lazy/clangd_extensions.nvim/lua
[21:46:08.095][info] [#0:script/workspace/loading.lua:100]: Preload file at: file:///home/bruce/.local/share/nvim/mason/packages/lua-language-server/libexec/meta/Lua%205.4%20en-us%20utf8/table.lua , size = 4.445 KB
[21:46:08.098][info] [#0:script/workspace/loading.lua:112]: ++++As library of:	file:///home/bruce/.local/share/nvim/mason/packages/lua-language-server/libexec/meta/Lua%205.4%20en-us%20utf8/table.lua
[21:46:08.098][info] [#0:script/workspace/loading.lua:100]: Preload file at: file:///home/bruce/.local/share/nvim/lazy/clangd_extensions.nvim/lua/clangd_extensions/ast.lua , size = 5.519 KB
[21:46:08.101][info] [#0:script/workspace/loading.lua:112]: ++++As library of:	file:///home/bruce/.local/share/nvim/lazy/clangd_extensions.nvim/lua
[21:46:08.101][info] [#0:script/workspace/loading.lua:100]: Preload file at: file:///home/bruce/.local/share/nvim/mason/packages/lua-language-server/libexec/meta/Lua%205.4%20en-us%20utf8/string.lua , size = 5.234 KB
[21:46:08.118][info] [#0:script/workspace/loading.lua:112]: ++++As library of:	file:///home/bruce/.local/share/nvim/mason/packages/lua-language-server/libexec/meta/Lua%205.4%20en-us%20utf8/string.lua
[21:46:08.118][info] [#0:script/workspace/loading.lua:100]: Preload file at: file:///home/bruce/.local/share/nvim/lazy/clangd_extensions.nvim/lua/clangd_extensions/memory_usage.lua , size = 3.254 KB
[21:46:08.120][info] [#0:script/workspace/loading.lua:112]: ++++As library of:	file:///home/bruce/.local/share/nvim/lazy/clangd_extensions.nvim/lua
[21:46:08.120][info] [#0:script/workspace/loading.lua:100]: Preload file at: file:///home/bruce/.local/share/nvim/mason/packages/lua-language-server/libexec/meta/Lua%205.4%20en-us%20utf8/io.lua , size = 6.364 KB
[21:46:08.123][info] [#0:script/workspace/loading.lua:112]: ++++As library of:	file:///home/bruce/.local/share/nvim/mason/packages/lua-language-server/libexec/meta/Lua%205.4%20en-us%20utf8/io.lua
[21:46:08.123][info] [#0:script/workspace/loading.lua:100]: Preload file at: file:///home/bruce/.local/share/nvim/lazy/clangd_extensions.nvim/lua/clangd_extensions/symbol_kind.lua , size = 0.387 KB
[21:46:08.124][info] [#0:script/workspace/loading.lua:112]: ++++As library of:	file:///home/bruce/.local/share/nvim/lazy/clangd_extensions.nvim/lua
[21:46:08.124][info] [#0:script/workspace/loading.lua:100]: Preload file at: file:///home/bruce/.local/share/nvim/mason/packages/lua-language-server/libexec/meta/Lua%205.4%20en-us%20utf8/package.lua , size = 2.944 KB
[21:46:08.125][info] [#0:script/workspace/loading.lua:112]: ++++As library of:	file:///home/bruce/.local/share/nvim/mason/packages/lua-language-server/libexec/meta/Lua%205.4%20en-us%20utf8/package.lua
[21:46:08.125][info] [#0:script/workspace/loading.lua:100]: Preload file at: file:///home/bruce/.local/share/nvim/lazy/clangd_extensions.nvim/lua/clangd_extensions/cmp_scores.lua , size = 0.320 KB
[21:46:08.125][info] [#0:script/workspace/loading.lua:112]: ++++As library of:	file:///home/bruce/.local/share/nvim/lazy/clangd_extensions.nvim/lua
[21:46:08.126][info] [#0:script/workspace/loading.lua:100]: Preload file at: file:///home/bruce/.local/share/nvim/mason/packages/lua-language-server/libexec/meta/Lua%205.4%20en-us%20utf8/math.lua , size = 8.542 KB
[21:46:08.129][info] [#0:script/workspace/loading.lua:112]: ++++As library of:	file:///home/bruce/.local/share/nvim/mason/packages/lua-language-server/libexec/meta/Lua%205.4%20en-us%20utf8/math.lua
[21:46:08.129][info] [#0:script/workspace/loading.lua:100]: Preload file at: file:///usr/share/nvim/runtime/lua/provider/ruby/health.lua , size = 2.211 KB
[21:46:08.131][info] [#0:script/workspace/loading.lua:112]: ++++As library of:	file:///usr/share/nvim/runtime/lua
[21:46:08.131][info] [#0:script/workspace/loading.lua:100]: Preload file at: file:///home/bruce/.local/share/nvim/mason/packages/lua-language-server/libexec/meta/Lua%205.4%20en-us%20utf8/utf8.lua , size = 2.386 KB
[21:46:08.132][info] [#0:script/workspace/loading.lua:112]: ++++As library of:	file:///home/bruce/.local/share/nvim/mason/packages/lua-language-server/libexec/meta/Lua%205.4%20en-us%20utf8/utf8.lua
[21:46:08.132][info] [#0:script/workspace/loading.lua:172]: Loaded files takes [0.077] sec: <fallback>
[21:46:08.132][info] [#0:script/workspace/loading.lua:181]: Compile files takes [0.000] sec: <fallback>
[21:46:08.132][info] [#0:script/workspace/loading.lua:182]: Loaded finish:	<fallback>
[21:46:08.132][info] [#0:script/workspace/workspace.lua:381]: Preload finish at:	<fallback>
[21:46:08.135][info] [#0:script/workspace/loading.lua:100]: Preload file at: file:///usr/share/nvim/runtime/lua/provider/perl/health.lua , size = 2.752 KB
[21:46:08.137][info] [#0:script/workspace/loading.lua:112]: ++++As library of:	file:///usr/share/nvim/runtime/lua
[21:46:08.137][info] [#0:script/workspace/loading.lua:100]: Preload file at: file:///usr/share/nvim/runtime/lua/provider/node/health.lua , size = 3.375 KB
[21:46:08.139][info] [#0:script/workspace/loading.lua:112]: ++++As library of:	file:///usr/share/nvim/runtime/lua
[21:46:08.139][info] [#0:script/workspace/loading.lua:100]: Preload file at: file:///usr/share/nvim/runtime/lua/provider/clipboard/health.lua , size = 1.151 KB
[21:46:08.140][info] [#0:script/workspace/loading.lua:112]: ++++As library of:	file:///usr/share/nvim/runtime/lua
[21:46:08.140][info] [#0:script/workspace/loading.lua:100]: Preload file at: file:///usr/share/nvim/runtime/lua/provider/python/health.lua , size = 16.369 KB
[21:46:08.167][info] [#0:script/workspace/loading.lua:112]: ++++As library of:	file:///usr/share/nvim/runtime/lua
[21:46:08.167][info] [#0:script/workspace/loading.lua:100]: Preload file at: file:///usr/share/nvim/runtime/lua/_vim9script.lua , size = 15.418 KB
[21:46:08.175][info] [#0:script/workspace/loading.lua:112]: ++++As library of:	file:///usr/share/nvim/runtime/lua
[21:46:08.175][info] [#0:script/workspace/loading.lua:100]: Preload file at: file:///usr/share/nvim/runtime/lua/coxpcall.lua , size = 3.451 KB
[21:46:08.177][info] [#0:script/workspace/loading.lua:112]: ++++As library of:	file:///usr/share/nvim/runtime/lua
[21:46:08.177][info] [#0:script/workspace/loading.lua:100]: Preload file at: file:///usr/share/nvim/runtime/lua/man.lua , size = 23.687 KB
[21:46:08.190][info] [#0:script/workspace/loading.lua:112]: ++++As library of:	file:///usr/share/nvim/runtime/lua
[21:46:08.190][info] [#0:script/workspace/loading.lua:100]: Preload file at: file:///usr/share/nvim/runtime/lua/tohtml.lua , size = 42.432 KB
[21:46:08.241][info] [#0:script/workspace/loading.lua:112]: ++++As library of:	file:///usr/share/nvim/runtime/lua
[21:46:08.241][info] [#0:script/workspace/loading.lua:100]: Preload file at: file:///usr/share/nvim/runtime/lua/nvim/health.lua , size = 12.509 KB
[21:46:08.247][info] [#0:script/workspace/loading.lua:112]: ++++As library of:	file:///usr/share/nvim/runtime/lua
[21:46:08.248][info] [#0:script/workspace/loading.lua:100]: Preload file at: file:///usr/share/nvim/runtime/lua/vim/highlight.lua , size = 4.526 KB
[21:46:08.251][info] [#0:script/workspace/loading.lua:112]: ++++As library of:	file:///usr/share/nvim/runtime/lua
[21:46:08.251][info] [#0:script/workspace/loading.lua:100]: Preload file at: file:///usr/share/nvim/runtime/lua/vim/provider.lua , size = 0.197 KB
[21:46:08.251][info] [#0:script/workspace/loading.lua:112]: ++++As library of:	file:///usr/share/nvim/runtime/lua
[21:46:08.251][info] [#0:script/workspace/loading.lua:100]: Preload file at: file:///usr/share/nvim/runtime/lua/vim/ui/clipboard/osc52.lua , size = 2.137 KB
[21:46:08.253][info] [#0:script/workspace/loading.lua:112]: ++++As library of:	file:///usr/share/nvim/runtime/lua
[21:46:08.253][info] [#0:script/workspace/loading.lua:100]: Preload file at: file:///usr/share/nvim/runtime/lua/vim/provider/perl.lua , size = 1.998 KB
[21:46:08.254][info] [#0:script/workspace/loading.lua:112]: ++++As library of:	file:///usr/share/nvim/runtime/lua
[21:46:08.254][info] [#0:script/workspace/loading.lua:100]: Preload file at: file:///usr/share/nvim/runtime/lua/vim/provider/python.lua , size = 4.224 KB
[21:46:08.256][info] [#0:script/workspace/loading.lua:112]: ++++As library of:	file:///usr/share/nvim/runtime/lua
[21:46:08.257][info] [#0:script/workspace/loading.lua:100]: Preload file at: file:///usr/share/nvim/runtime/lua/vim/provider/ruby.lua , size = 1.563 KB
[21:46:08.258][info] [#0:script/workspace/loading.lua:112]: ++++As library of:	file:///usr/share/nvim/runtime/lua
[21:46:08.258][info] [#0:script/workspace/loading.lua:100]: Preload file at: file:///usr/share/nvim/runtime/lua/vim/iter.lua , size = 25.504 KB
[21:46:08.270][info] [#0:script/workspace/loading.lua:112]: ++++As library of:	file:///usr/share/nvim/runtime/lua
[21:46:08.270][info] [#0:script/workspace/loading.lua:100]: Preload file at: file:///usr/share/nvim/runtime/lua/vim/version.lua , size = 13.605 KB
[21:46:08.277][info] [#0:script/workspace/loading.lua:112]: ++++As library of:	file:///usr/share/nvim/runtime/lua
[21:46:08.277][info] [#0:script/workspace/loading.lua:100]: Preload file at: file:///usr/share/nvim/runtime/lua/vim/re.lua , size = 6.495 KB
[21:46:08.314][info] [#0:script/workspace/loading.lua:112]: ++++As library of:	file:///usr/share/nvim/runtime/lua
[21:46:08.314][info] [#0:script/workspace/loading.lua:100]: Preload file at: file:///usr/share/nvim/runtime/lua/vim/treesitter/_query_linter.lua , size = 7.627 KB
[21:46:08.318][info] [#0:script/workspace/loading.lua:112]: ++++As library of:	file:///usr/share/nvim/runtime/lua
[21:46:08.318][info] [#0:script/workspace/loading.lua:100]: Preload file at: file:///usr/share/nvim/runtime/lua/vim/treesitter/highlighter.lua , size = 11.811 KB
[21:46:08.323][info] [#0:script/workspace/loading.lua:112]: ++++As library of:	file:///usr/share/nvim/runtime/lua
[21:46:08.324][info] [#0:script/workspace/loading.lua:100]: Preload file at: file:///usr/share/nvim/runtime/lua/vim/treesitter/_range.lua , size = 3.869 KB
[21:46:08.326][info] [#0:script/workspace/loading.lua:112]: ++++As library of:	file:///usr/share/nvim/runtime/lua
[21:46:08.326][info] [#0:script/workspace/loading.lua:100]: Preload file at: file:///usr/share/nvim/runtime/lua/vim/treesitter/language.lua , size = 3.684 KB
[21:46:08.328][info] [#0:script/workspace/loading.lua:112]: ++++As library of:	file:///usr/share/nvim/runtime/lua
[21:46:08.328][info] [#0:script/workspace/loading.lua:100]: Preload file at: file:///usr/share/nvim/runtime/lua/vim/treesitter/_fold.lua , size = 14.081 KB
[21:46:08.334][info] [#0:script/workspace/loading.lua:112]: ++++As library of:	file:///usr/share/nvim/runtime/lua
[21:46:08.334][info] [#0:script/workspace/loading.lua:100]: Preload file at: file:///usr/share/nvim/runtime/lua/vim/treesitter/languagetree.lua , size = 33.292 KB
[21:46:08.350][info] [#0:script/workspace/loading.lua:112]: ++++As library of:	file:///usr/share/nvim/runtime/lua
[21:46:08.350][info] [#0:script/workspace/loading.lua:100]: Preload file at: file:///usr/share/nvim/runtime/lua/vim/treesitter/dev.lua , size = 19.644 KB
[21:46:08.360][info] [#0:script/workspace/loading.lua:112]: ++++As library of:	file:///usr/share/nvim/runtime/lua
[21:46:08.361][info] [#0:script/workspace/loading.lua:100]: Preload file at: file:///usr/share/nvim/runtime/lua/vim/treesitter/_meta.lua , size = 4.483 KB
[21:46:08.365][info] [#0:script/workspace/loading.lua:112]: ++++As library of:	file:///usr/share/nvim/runtime/lua
[21:46:08.366][info] [#0:script/workspace/loading.lua:100]: Preload file at: file:///usr/share/nvim/runtime/lua/vim/treesitter/query.lua , size = 32.301 KB
[21:46:08.381][info] [#0:script/workspace/loading.lua:112]: ++++As library of:	file:///usr/share/nvim/runtime/lua
[21:46:08.381][info] [#0:script/workspace/loading.lua:100]: Preload file at: file:///usr/share/nvim/runtime/lua/vim/treesitter/health.lua , size = 0.856 KB
[21:46:08.382][info] [#0:script/workspace/loading.lua:112]: ++++As library of:	file:///usr/share/nvim/runtime/lua
[21:46:08.382][info] [#0:script/workspace/loading.lua:100]: Preload file at: file:///usr/share/nvim/runtime/lua/vim/uri.lua , size = 3.569 KB
[21:46:08.424][info] [#0:script/workspace/loading.lua:112]: ++++As library of:	file:///usr/share/nvim/runtime/lua
[21:46:08.424][info] [#0:script/workspace/loading.lua:100]: Preload file at: file:///usr/share/nvim/runtime/lua/vim/_comment.lua , size = 8.743 KB
[21:46:08.428][info] [#0:script/workspace/loading.lua:112]: ++++As library of:	file:///usr/share/nvim/runtime/lua
[21:46:08.429][info] [#0:script/workspace/loading.lua:100]: Preload file at: file:///usr/share/nvim/runtime/lua/vim/vimhelp.lua , size = 0.967 KB
[21:46:08.429][info] [#0:script/workspace/loading.lua:112]: ++++As library of:	file:///usr/share/nvim/runtime/lua
[21:46:08.429][info] [#0:script/workspace/loading.lua:100]: Preload file at: file:///usr/share/nvim/runtime/lua/vim/func/_memoize.lua , size = 1.354 KB
[21:46:08.431][info] [#0:script/workspace/loading.lua:112]: ++++As library of:	file:///usr/share/nvim/runtime/lua
[21:46:08.431][info] [#0:script/workspace/loading.lua:100]: Preload file at: file:///usr/share/nvim/runtime/lua/vim/ui.lua , size = 5.396 KB
[21:46:08.433][info] [#0:script/workspace/loading.lua:112]: ++++As library of:	file:///usr/share/nvim/runtime/lua
[21:46:08.433][info] [#0:script/workspace/loading.lua:100]: Preload file at: file:///usr/share/nvim/runtime/lua/vim/secure.lua , size = 5.018 KB
[21:46:08.435][info] [#0:script/workspace/loading.lua:112]: ++++As library of:	file:///usr/share/nvim/runtime/lua
[21:46:08.436][info] [#0:script/workspace/loading.lua:100]: Preload file at: file:///usr/share/nvim/runtime/lua/vim/fs.lua , size = 18.719 KB
[21:46:08.442][info] [#0:script/workspace/loading.lua:112]: ++++As library of:	file:///usr/share/nvim/runtime/lua
[21:46:08.442][info] [#0:script/workspace/loading.lua:100]: Preload file at: file:///usr/share/nvim/runtime/lua/vim/_editor.lua , size = 34.328 KB
[21:46:08.456][info] [#0:script/workspace/loading.lua:112]: ++++As library of:	file:///usr/share/nvim/runtime/lua
[21:46:08.456][info] [#0:script/workspace/loading.lua:100]: Preload file at: file:///usr/share/nvim/runtime/lua/vim/lsp/_changetracking.lua , size = 11.492 KB
[21:46:08.461][info] [#0:script/workspace/loading.lua:112]: ++++As library of:	file:///usr/share/nvim/runtime/lua
[21:46:08.461][info] [#0:script/workspace/loading.lua:100]: Preload file at: file:///usr/share/nvim/runtime/lua/vim/lsp/_completion.lua , size = 8.965 KB
[21:46:08.465][info] [#0:script/workspace/loading.lua:112]: ++++As library of:	file:///usr/share/nvim/runtime/lua
[21:46:08.466][info] [#0:script/workspace/loading.lua:100]: Preload file at: file:///usr/share/nvim/runtime/lua/vim/lsp/sync.lua , size = 16.226 KB
[21:46:08.472][info] [#0:script/workspace/loading.lua:112]: ++++As library of:	file:///usr/share/nvim/runtime/lua
[21:46:08.472][info] [#0:script/workspace/loading.lua:100]: Preload file at: file:///usr/share/nvim/runtime/lua/vim/lsp/util.lua , size = 77.017 KB
[21:46:08.519][info] [#0:script/workspace/loading.lua:112]: ++++As library of:	file:///usr/share/nvim/runtime/lua
[21:46:08.520][info] [#0:script/workspace/loading.lua:100]: Preload file at: file:///usr/share/nvim/runtime/lua/vim/lsp/protocol.lua , size = 48.943 KB
[21:46:08.530][info] [#0:script/workspace/loading.lua:112]: ++++As library of:	file:///usr/share/nvim/runtime/lua
[21:46:08.530][info] [#0:script/workspace/loading.lua:100]: Preload file at: file:///usr/share/nvim/runtime/lua/vim/lsp/inlay_hint.lua , size = 12.172 KB
[21:46:08.537][info] [#0:script/workspace/loading.lua:112]: ++++As library of:	file:///usr/share/nvim/runtime/lua
[21:46:08.537][info] [#0:script/workspace/loading.lua:100]: Preload file at: file:///usr/share/nvim/runtime/lua/vim/lsp/rpc.lua , size = 25.991 KB
[21:46:08.639][info] [#0:script/workspace/loading.lua:112]: ++++As library of:	file:///usr/share/nvim/runtime/lua
[21:46:08.639][info] [#0:script/workspace/loading.lua:100]: Preload file at: file:///usr/share/nvim/runtime/lua/vim/lsp/_watchfiles.lua , size = 6.889 KB
[21:46:08.643][info] [#0:script/workspace/loading.lua:112]: ++++As library of:	file:///usr/share/nvim/runtime/lua
[21:46:08.643][info] [#0:script/workspace/loading.lua:100]: Preload file at: file:///usr/share/nvim/runtime/lua/vim/lsp/log.lua , size = 4.673 KB
[21:46:08.645][info] [#0:script/workspace/loading.lua:112]: ++++As library of:	file:///usr/share/nvim/runtime/lua
[21:46:08.645][info] [#0:script/workspace/loading.lua:100]: Preload file at: file:///usr/share/nvim/runtime/lua/vim/lsp/client.lua , size = 38.013 KB
[21:46:08.659][info] [#0:script/workspace/loading.lua:112]: ++++As library of:	file:///usr/share/nvim/runtime/lua
[21:46:08.659][info] [#0:script/workspace/loading.lua:100]: Preload file at: file:///usr/share/nvim/runtime/lua/vim/lsp/codelens.lua , size = 9.336 KB
[21:46:08.663][info] [#0:script/workspace/loading.lua:112]: ++++As library of:	file:///usr/share/nvim/runtime/lua
[21:46:08.663][info] [#0:script/workspace/loading.lua:100]: Preload file at: file:///usr/share/nvim/runtime/lua/vim/lsp/_tagfunc.lua , size = 2.787 KB
[21:46:08.665][info] [#0:script/workspace/loading.lua:112]: ++++As library of:	file:///usr/share/nvim/runtime/lua
[21:46:08.665][info] [#0:script/workspace/loading.lua:100]: Preload file at: file:///usr/share/nvim/runtime/lua/vim/lsp/handlers.lua , size = 26.781 KB
[21:46:08.675][info] [#0:script/workspace/loading.lua:112]: ++++As library of:	file:///usr/share/nvim/runtime/lua
[21:46:08.675][info] [#0:script/workspace/loading.lua:100]: Preload file at: file:///usr/share/nvim/runtime/lua/vim/lsp/buf.lua , size = 31.091 KB
[21:46:08.688][info] [#0:script/workspace/loading.lua:112]: ++++As library of:	file:///usr/share/nvim/runtime/lua
[21:46:08.688][info] [#0:script/workspace/loading.lua:100]: Preload file at: file:///usr/share/nvim/runtime/lua/vim/lsp/_meta.lua , size = 0.440 KB
[21:46:08.689][info] [#0:script/workspace/loading.lua:112]: ++++As library of:	file:///usr/share/nvim/runtime/lua
[21:46:08.689][info] [#0:script/workspace/loading.lua:100]: Preload file at: file:///usr/share/nvim/runtime/lua/vim/lsp/_meta/protocol.lua , size = 175.343 KB
[21:46:08.754][info] [#0:script/workspace/loading.lua:112]: ++++As library of:	file:///usr/share/nvim/runtime/lua
[21:46:08.755][info] [#0:script/workspace/loading.lua:100]: Preload file at: file:///usr/share/nvim/runtime/lua/vim/lsp/_snippet_grammar.lua , size = 6.179 KB
[21:46:08.759][info] [#0:script/workspace/loading.lua:112]: ++++As library of:	file:///usr/share/nvim/runtime/lua
[21:46:08.759][info] [#0:script/workspace/loading.lua:100]: Preload file at: file:///usr/share/nvim/runtime/lua/vim/lsp/semantic_tokens.lua , size = 26.267 KB
[21:46:08.771][info] [#0:script/workspace/loading.lua:112]: ++++As library of:	file:///usr/share/nvim/runtime/lua
[21:46:08.771][info] [#0:script/workspace/loading.lua:100]: Preload file at: file:///usr/share/nvim/runtime/lua/vim/lsp/health.lua , size = 5.398 KB
[21:46:08.775][info] [#0:script/workspace/loading.lua:112]: ++++As library of:	file:///usr/share/nvim/runtime/lua
[21:46:08.775][info] [#0:script/workspace/loading.lua:100]: Preload file at: file:///usr/share/nvim/runtime/lua/vim/lsp/_dynamic.lua , size = 2.973 KB
[21:46:08.777][info] [#0:script/workspace/loading.lua:112]: ++++As library of:	file:///usr/share/nvim/runtime/lua
[21:46:08.777][info] [#0:script/workspace/loading.lua:100]: Preload file at: file:///usr/share/nvim/runtime/lua/vim/lsp/diagnostic.lua , size = 13.852 KB
[21:46:08.784][info] [#0:script/workspace/loading.lua:112]: ++++As library of:	file:///usr/share/nvim/runtime/lua
[21:46:08.784][info] [#0:script/workspace/loading.lua:100]: Preload file at: file:///usr/share/nvim/runtime/lua/vim/glob.lua , size = 3.001 KB
[21:46:08.786][info] [#0:script/workspace/loading.lua:112]: ++++As library of:	file:///usr/share/nvim/runtime/lua
[21:46:08.787][info] [#0:script/workspace/loading.lua:100]: Preload file at: file:///usr/share/nvim/runtime/lua/vim/inspect.lua , size = 8.864 KB
[21:46:08.946][warn] [#0:script/files.lua:704]: Compile [file:///usr/share/nvim/runtime/lua/vim/inspect.lua] takes [0.158] sec, size [9.077] kb.
[21:46:08.948][info] [#0:script/workspace/loading.lua:112]: ++++As library of:	file:///usr/share/nvim/runtime/lua
[21:46:08.948][info] [#0:script/workspace/loading.lua:100]: Preload file at: file:///usr/share/nvim/runtime/lua/vim/_system.lua , size = 9.135 KB
[21:46:08.956][info] [#0:script/workspace/loading.lua:112]: ++++As library of:	file:///usr/share/nvim/runtime/lua
[21:46:08.956][info] [#0:script/workspace/loading.lua:100]: Preload file at: file:///usr/share/nvim/runtime/lua/vim/_defaults.lua , size = 18.695 KB
[21:46:08.965][info] [#0:script/workspace/loading.lua:112]: ++++As library of:	file:///usr/share/nvim/runtime/lua
[21:46:08.965][info] [#0:script/workspace/loading.lua:100]: Preload file at: file:///usr/share/nvim/runtime/lua/vim/_inspector.lua , size = 7.494 KB
[21:46:08.969][info] [#0:script/workspace/loading.lua:112]: ++++As library of:	file:///usr/share/nvim/runtime/lua
[21:46:08.970][info] [#0:script/workspace/loading.lua:100]: Preload file at: file:///usr/share/nvim/runtime/lua/vim/func.lua , size = 1.753 KB
[21:46:08.971][info] [#0:script/workspace/loading.lua:112]: ++++As library of:	file:///usr/share/nvim/runtime/lua
[21:46:08.971][info] [#0:script/workspace/loading.lua:100]: Preload file at: file:///usr/share/nvim/runtime/lua/vim/loader.lua , size = 15.741 KB
[21:46:08.981][info] [#0:script/workspace/loading.lua:112]: ++++As library of:	file:///usr/share/nvim/runtime/lua
[21:46:08.981][info] [#0:script/workspace/loading.lua:100]: Preload file at: file:///usr/share/nvim/runtime/lua/vim/F.lua , size = 1.076 KB
[21:46:08.982][info] [#0:script/workspace/loading.lua:112]: ++++As library of:	file:///usr/share/nvim/runtime/lua
[21:46:08.982][info] [#0:script/workspace/loading.lua:100]: Preload file at: file:///usr/share/nvim/runtime/lua/vim/snippet.lua , size = 20.081 KB
[21:46:08.992][info] [#0:script/workspace/loading.lua:112]: ++++As library of:	file:///usr/share/nvim/runtime/lua
[21:46:08.992][info] [#0:script/workspace/loading.lua:100]: Preload file at: file:///usr/share/nvim/runtime/lua/vim/termcap.lua , size = 3.103 KB
[21:46:08.993][info] [#0:script/workspace/loading.lua:112]: ++++As library of:	file:///usr/share/nvim/runtime/lua
[21:46:08.993][info] [#0:script/workspace/loading.lua:100]: Preload file at: file:///usr/share/nvim/runtime/lua/vim/_options.lua , size = 25.519 KB
[21:46:09.002][info] [#0:script/workspace/loading.lua:112]: ++++As library of:	file:///usr/share/nvim/runtime/lua
[21:46:09.002][info] [#0:script/workspace/loading.lua:100]: Preload file at: file:///usr/share/nvim/runtime/lua/vim/_meta.lua , size = 0.977 KB
[21:46:09.003][info] [#0:script/workspace/loading.lua:112]: ++++As library of:	file:///usr/share/nvim/runtime/lua
[21:46:09.003][info] [#0:script/workspace/loading.lua:100]: Preload file at: file:///usr/share/nvim/runtime/lua/vim/_meta/api_keysets.lua , size = 8.292 KB
[21:46:09.007][info] [#0:script/workspace/loading.lua:112]: ++++As library of:	file:///usr/share/nvim/runtime/lua
[21:46:09.007][info] [#0:script/workspace/loading.lua:100]: Preload file at: file:///usr/share/nvim/runtime/lua/vim/_meta/json.lua , size = 1.359 KB
[21:46:09.008][info] [#0:script/workspace/loading.lua:112]: ++++As library of:	file:///usr/share/nvim/runtime/lua
[21:46:09.008][info] [#0:script/workspace/loading.lua:100]: Preload file at: file:///usr/share/nvim/runtime/lua/vim/_meta/options.lua , size = 323.972 KB
[21:46:09.124][info] [#0:script/workspace/loading.lua:112]: ++++As library of:	file:///usr/share/nvim/runtime/lua
[21:46:09.126][info] [#0:script/workspace/loading.lua:100]: Preload file at: file:///usr/share/nvim/runtime/lua/vim/_meta/re.lua , size = 2.217 KB
[21:46:09.128][info] [#0:script/workspace/loading.lua:112]: ++++As library of:	file:///usr/share/nvim/runtime/lua
[21:46:09.128][info] [#0:script/workspace/loading.lua:100]: Preload file at: file:///usr/share/nvim/runtime/lua/vim/_meta/builtin.lua , size = 11.183 KB
[21:46:09.131][info] [#0:script/workspace/loading.lua:112]: ++++As library of:	file:///usr/share/nvim/runtime/lua
[21:46:09.132][info] [#0:script/workspace/loading.lua:100]: Preload file at: file:///usr/share/nvim/runtime/lua/vim/_meta/regex.lua , size = 1.347 KB
[21:46:09.132][info] [#0:script/workspace/loading.lua:112]: ++++As library of:	file:///usr/share/nvim/runtime/lua
[21:46:09.133][info] [#0:script/workspace/loading.lua:100]: Preload file at: file:///usr/share/nvim/runtime/lua/vim/_meta/mpack.lua , size = 0.478 KB
[21:46:09.133][info] [#0:script/workspace/loading.lua:112]: ++++As library of:	file:///usr/share/nvim/runtime/lua
[21:46:09.133][info] [#0:script/workspace/loading.lua:100]: Preload file at: file:///usr/share/nvim/runtime/lua/vim/_meta/api_keysets_extra.lua , size = 4.535 KB
[21:46:09.136][info] [#0:script/workspace/loading.lua:112]: ++++As library of:	file:///usr/share/nvim/runtime/lua
[21:46:09.136][info] [#0:script/workspace/loading.lua:100]: Preload file at: file:///usr/share/nvim/runtime/lua/vim/_meta/api.lua , size = 97.321 KB
[21:46:09.167][info] [#0:script/workspace/loading.lua:112]: ++++As library of:	file:///usr/share/nvim/runtime/lua
[21:46:09.168][info] [#0:script/workspace/loading.lua:100]: Preload file at: file:///usr/share/nvim/runtime/lua/vim/_meta/diff.lua , size = 2.492 KB
[21:46:09.169][info] [#0:script/workspace/loading.lua:112]: ++++As library of:	file:///usr/share/nvim/runtime/lua
[21:46:09.170][info] [#0:script/workspace/loading.lua:100]: Preload file at: file:///usr/share/nvim/runtime/lua/vim/_meta/vvars.lua , size = 25.272 KB
[21:46:09.320][warn] [#0:script/files.lua:704]: Compile [file:///usr/share/nvim/runtime/lua/vim/_meta/vvars.lua] takes [0.151] sec, size [25.879] kb.
[21:46:09.323][info] [#0:script/workspace/loading.lua:112]: ++++As library of:	file:///usr/share/nvim/runtime/lua
[21:46:09.323][info] [#0:script/workspace/loading.lua:100]: Preload file at: file:///usr/share/nvim/runtime/lua/vim/_meta/misc.lua , size = 0.291 KB
[21:46:09.324][info] [#0:script/workspace/loading.lua:112]: ++++As library of:	file:///usr/share/nvim/runtime/lua
[21:46:09.324][info] [#0:script/workspace/loading.lua:100]: Preload file at: file:///usr/share/nvim/runtime/lua/vim/_meta/vimfn.lua , size = 398.838 KB
[21:46:09.412][info] [#0:script/workspace/loading.lua:112]: ++++As library of:	file:///usr/share/nvim/runtime/lua
[21:46:09.414][info] [#0:script/workspace/loading.lua:100]: Preload file at: file:///usr/share/nvim/runtime/lua/vim/_meta/lpeg.lua , size = 15.348 KB
[21:46:09.419][info] [#0:script/workspace/loading.lua:112]: ++++As library of:	file:///usr/share/nvim/runtime/lua
[21:46:09.419][info] [#0:script/workspace/loading.lua:100]: Preload file at: file:///usr/share/nvim/runtime/lua/vim/_meta/builtin_types.lua , size = 3.362 KB
[21:46:09.421][info] [#0:script/workspace/loading.lua:112]: ++++As library of:	file:///usr/share/nvim/runtime/lua
[21:46:09.421][info] [#0:script/workspace/loading.lua:100]: Preload file at: file:///usr/share/nvim/runtime/lua/vim/_meta/base64.lua , size = 0.307 KB
[21:46:09.421][info] [#0:script/workspace/loading.lua:112]: ++++As library of:	file:///usr/share/nvim/runtime/lua
[21:46:09.421][info] [#0:script/workspace/loading.lua:100]: Preload file at: file:///usr/share/nvim/runtime/lua/vim/_meta/spell.lua , size = 0.943 KB
[21:46:09.422][info] [#0:script/workspace/loading.lua:112]: ++++As library of:	file:///usr/share/nvim/runtime/lua
[21:46:09.422][info] [#0:script/workspace/loading.lua:100]: Preload file at: file:///usr/share/nvim/runtime/lua/vim/filetype/options.lua , size = 2.559 KB
[21:46:09.424][info] [#0:script/workspace/loading.lua:112]: ++++As library of:	file:///usr/share/nvim/runtime/lua
[21:46:09.425][info] [#0:script/workspace/loading.lua:100]: Preload file at: file:///usr/share/nvim/runtime/lua/vim/treesitter.lua , size = 14.036 KB
[21:46:09.430][info] [#0:script/workspace/loading.lua:112]: ++++As library of:	file:///usr/share/nvim/runtime/lua
[21:46:09.430][info] [#0:script/workspace/loading.lua:100]: Preload file at: file:///usr/share/nvim/runtime/lua/vim/filetype/detect.lua , size = 57.151 KB
[21:46:09.455][info] [#0:script/workspace/loading.lua:112]: ++++As library of:	file:///usr/share/nvim/runtime/lua
[21:46:09.455][info] [#0:script/workspace/loading.lua:100]: Preload file at: file:///usr/share/nvim/runtime/lua/vim/filetype.lua , size = 68.524 KB
[21:46:09.485][info] [#0:script/workspace/loading.lua:112]: ++++As library of:	file:///usr/share/nvim/runtime/lua
[21:46:09.485][warn] [#0:script/pub/report.lua:24]: Load proto error:	Disconnected!
